RERUN_START 2026-05-22T15:21:40+08:00 exp_llava_stage4_train25k_E_stage4_joint_rerun1_25000_2000steps_20260522
REPO=/mnt/c/Users/sysu/code/MMdedup
2f973435cbb0ca731fa60558ce06d96e9729a100
Fri May 22 15:21:41 2026       
+-----------------------------------------------------------------------------------------+
| NVIDIA-SMI 580.112                Driver Version: 581.95         CUDA Version: 13.0     |
+-----------------------------------------+------------------------+----------------------+
| GPU  Name                 Persistence-M | Bus-Id          Disp.A | Volatile Uncorr. ECC |
| Fan  Temp   Perf          Pwr:Usage/Cap |           Memory-Usage | GPU-Util  Compute M. |
|                                         |                        |               MIG M. |
|=========================================+========================+======================|
|   0  NVIDIA GeForce RTX 3090        On  |   00000000:02:00.0  On |                  N/A |
| 30%   41C    P2            103W /  350W |    1605MiB /  24576MiB |      1%      Default |
|                                         |                        |                  N/A |
+-----------------------------------------+------------------------+----------------------+

+-----------------------------------------------------------------------------------------+
| Processes:                                                                              |
|  GPU   GI   CI              PID   Type   Process name                        GPU Memory |
|        ID   ID                                                               Usage      |
|=========================================================================================|
|  No running processes found                                                             |
+-----------------------------------------------------------------------------------------+
