QUEUE_START 2026-05-21T10:19:01+08:00
REPO=/mnt/c/Users/sysu/code/the_work_of_dedup
2f973435cbb0ca731fa60558ce06d96e9729a100
Thu May 21 10:19:01 2026       
+-----------------------------------------------------------------------------------------+
| NVIDIA-SMI 580.112                Driver Version: 581.95         CUDA Version: 13.0     |
+-----------------------------------------+------------------------+----------------------+
| GPU  Name                 Persistence-M | Bus-Id          Disp.A | Volatile Uncorr. ECC |
| Fan  Temp   Perf          Pwr:Usage/Cap |           Memory-Usage | GPU-Util  Compute M. |
|                                         |                        |               MIG M. |
|=========================================+========================+======================|
|   0  NVIDIA GeForce RTX 3090        On  |   00000000:02:00.0  On |                  N/A |
| 30%   37C    P8             17W /  350W |    1021MiB /  24576MiB |      3%      Default |
|                                         |                        |                  N/A |
+-----------------------------------------+------------------------+----------------------+

+-----------------------------------------------------------------------------------------+
| Processes:                                                                              |
|  GPU   GI   CI              PID   Type   Process name                        GPU Memory |
|        ID   ID                                                               Usage      |
|=========================================================================================|
|  No running processes found                                                             |
+-----------------------------------------------------------------------------------------+
JOB_START 2026-05-21T10:19:02+08:00 exp_llava_stage4_pilot_E_stage4_joint_512_20steps_20260521 json=E_stage4_joint.json samples=512 steps=20 grad_acc=4 shuffle=--no-shuffle
QUEUE_START 2026-05-21T10:29:10+08:00
REPO=/mnt/c/Users/sysu/code/the_work_of_dedup
2f973435cbb0ca731fa60558ce06d96e9729a100
Thu May 21 10:29:10 2026       
+-----------------------------------------------------------------------------------------+
| NVIDIA-SMI 580.112                Driver Version: 581.95         CUDA Version: 13.0     |
+-----------------------------------------+------------------------+----------------------+
| GPU  Name                 Persistence-M | Bus-Id          Disp.A | Volatile Uncorr. ECC |
| Fan  Temp   Perf          Pwr:Usage/Cap |           Memory-Usage | GPU-Util  Compute M. |
|                                         |                        |               MIG M. |
|=========================================+========================+======================|
|   0  NVIDIA GeForce RTX 3090        On  |   00000000:02:00.0  On |                  N/A |
| 30%   36C    P2             39W /  350W |    1064MiB /  24576MiB |     15%      Default |
|                                         |                        |                  N/A |
+-----------------------------------------+------------------------+----------------------+

+-----------------------------------------------------------------------------------------+
| Processes:                                                                              |
|  GPU   GI   CI              PID   Type   Process name                        GPU Memory |
|        ID   ID                                                               Usage      |
|=========================================================================================|
|  No running processes found                                                             |
+-----------------------------------------------------------------------------------------+
JOB_START 2026-05-21T10:29:10+08:00 exp_llava_stage4_pilot_E_stage4_joint_512_20steps_20260521 json=E_stage4_joint.json samples=512 steps=20 grad_acc=4 shuffle=--no-shuffle
QUEUE_START 2026-05-21T10:33:35+08:00
REPO=/mnt/c/Users/sysu/code/the_work_of_dedup
2f973435cbb0ca731fa60558ce06d96e9729a100
Thu May 21 10:33:35 2026       
+-----------------------------------------------------------------------------------------+
| NVIDIA-SMI 580.112                Driver Version: 581.95         CUDA Version: 13.0     |
+-----------------------------------------+------------------------+----------------------+
| GPU  Name                 Persistence-M | Bus-Id          Disp.A | Volatile Uncorr. ECC |
| Fan  Temp   Perf          Pwr:Usage/Cap |           Memory-Usage | GPU-Util  Compute M. |
|                                         |                        |               MIG M. |
|=========================================+========================+======================|
|   0  NVIDIA GeForce RTX 3090        On  |   00000000:02:00.0  On |                  N/A |
| 30%   50C    P2            107W /  350W |    1047MiB /  24576MiB |      1%      Default |
|                                         |                        |                  N/A |
+-----------------------------------------+------------------------+----------------------+

+-----------------------------------------------------------------------------------------+
| Processes:                                                                              |
|  GPU   GI   CI              PID   Type   Process name                        GPU Memory |
|        ID   ID                                                               Usage      |
|=========================================================================================|
|  No running processes found                                                             |
+-----------------------------------------------------------------------------------------+
JOB_SKIP 2026-05-21T10:33:36+08:00 exp_llava_stage4_pilot_E_stage4_joint_512_20steps_20260521 existing metrics already trained for >= 20 steps
JOB_START 2026-05-21T10:33:36+08:00 exp_llava_stage4_pilot_D_naive_union_512_20steps_20260521 json=D_naive_union.json samples=512 steps=20 grad_acc=4 shuffle=--no-shuffle
METRICS exp_llava_stage4_pilot_D_naive_union_512_20steps_20260521 status=trained steps=20 final_loss=2.842395782470703 peak_gb=5.433
JOB_END 2026-05-21T10:36:17+08:00 exp_llava_stage4_pilot_D_naive_union_512_20steps_20260521 code=0
JOB_START 2026-05-21T10:36:17+08:00 exp_llava_stage4_pilot_A_raw_512_20steps_20260521 json=A_raw.json samples=512 steps=20 grad_acc=4 shuffle=--no-shuffle
METRICS exp_llava_stage4_pilot_A_raw_512_20steps_20260521 status=trained steps=20 final_loss=2.3875174522399902 peak_gb=5.428
JOB_END 2026-05-21T10:38:45+08:00 exp_llava_stage4_pilot_A_raw_512_20steps_20260521 code=0
JOB_START 2026-05-21T10:38:45+08:00 exp_llava_stage4_pilot_B_image_only_512_20steps_20260521 json=B_image_only.json samples=512 steps=20 grad_acc=4 shuffle=--no-shuffle
METRICS exp_llava_stage4_pilot_B_image_only_512_20steps_20260521 status=trained steps=20 final_loss=4.335330486297607 peak_gb=5.429
JOB_END 2026-05-21T10:41:17+08:00 exp_llava_stage4_pilot_B_image_only_512_20steps_20260521 code=0
JOB_START 2026-05-21T10:41:17+08:00 exp_llava_stage4_pilot_C_text_only_512_20steps_20260521 json=C_text_only.json samples=512 steps=20 grad_acc=4 shuffle=--no-shuffle
METRICS exp_llava_stage4_pilot_C_text_only_512_20steps_20260521 status=trained steps=20 final_loss=2.5808541774749756 peak_gb=5.433
JOB_END 2026-05-21T10:43:44+08:00 exp_llava_stage4_pilot_C_text_only_512_20steps_20260521 code=0
JOB_START 2026-05-21T10:43:44+08:00 exp_llava_stage4_train25k_E_stage4_joint_25000_2000steps_20260521 json=E_stage4_joint.json samples=25000 steps=2000 grad_acc=8 shuffle=--shuffle
JOB_END 2026-05-21T16:00:00+08:00 exp_llava_stage4_train25k_E_stage4_joint_25000_2000steps_20260521 code=1
JOB_START 2026-05-21T16:00:00+08:00 exp_llava_stage4_train25k_D_naive_union_25000_2000steps_20260521 json=D_naive_union.json samples=25000 steps=2000 grad_acc=8 shuffle=--shuffle
METRICS exp_llava_stage4_train25k_D_naive_union_25000_2000steps_20260521 status=trained steps=2000 final_loss=3.5729851722717285 peak_gb=5.524
JOB_END 2026-05-21T21:51:16+08:00 exp_llava_stage4_train25k_D_naive_union_25000_2000steps_20260521 code=0
JOB_START 2026-05-21T21:51:16+08:00 exp_llava_stage4_train25k_A_raw_25000_2000steps_20260521 json=A_raw.json samples=25000 steps=2000 grad_acc=8 shuffle=--shuffle
METRICS exp_llava_stage4_train25k_A_raw_25000_2000steps_20260521 status=trained steps=2000 final_loss=4.236498832702637 peak_gb=5.525
JOB_END 2026-05-22T03:33:10+08:00 exp_llava_stage4_train25k_A_raw_25000_2000steps_20260521 code=0
JOB_START 2026-05-22T03:33:10+08:00 exp_llava_stage4_train25k_B_image_only_25000_2000steps_20260521 json=B_image_only.json samples=25000 steps=2000 grad_acc=8 shuffle=--shuffle
METRICS exp_llava_stage4_train25k_B_image_only_25000_2000steps_20260521 status=trained steps=2000 final_loss=0.4427841603755951 peak_gb=5.448
JOB_END 2026-05-22T09:10:16+08:00 exp_llava_stage4_train25k_B_image_only_25000_2000steps_20260521 code=0
JOB_START 2026-05-22T09:10:16+08:00 exp_llava_stage4_train25k_C_text_only_25000_2000steps_20260521 json=C_text_only.json samples=25000 steps=2000 grad_acc=8 shuffle=--shuffle
METRICS exp_llava_stage4_train25k_C_text_only_25000_2000steps_20260521 status=trained steps=2000 final_loss=3.854309558868408 peak_gb=5.523
JOB_END 2026-05-22T14:53:44+08:00 exp_llava_stage4_train25k_C_text_only_25000_2000steps_20260521 code=0
QUEUE_END 2026-05-22T14:53:44+08:00
Fri May 22 14:53:44 2026       
+-----------------------------------------------------------------------------------------+
| NVIDIA-SMI 580.112                Driver Version: 581.95         CUDA Version: 13.0     |
+-----------------------------------------+------------------------+----------------------+
| GPU  Name                 Persistence-M | Bus-Id          Disp.A | Volatile Uncorr. ECC |
| Fan  Temp   Perf          Pwr:Usage/Cap |           Memory-Usage | GPU-Util  Compute M. |
|                                         |                        |               MIG M. |
|=========================================+========================+======================|
|   0  NVIDIA GeForce RTX 3090        On  |   00000000:02:00.0  On |                  N/A |
| 73%   60C    P5             37W /  350W |    1603MiB /  24576MiB |      1%      Default |
|                                         |                        |                  N/A |
+-----------------------------------------+------------------------+----------------------+

+-----------------------------------------------------------------------------------------+
| Processes:                                                                              |
|  GPU   GI   CI              PID   Type   Process name                        GPU Memory |
|        ID   ID                                                               Usage      |
|=========================================================================================|
|  No running processes found                                                             |
+-----------------------------------------------------------------------------------------+
